C51 COMPILER V9.60.7.0   KEY                                                               04/09/2025 20:27:43 PAGE 1   


C51 COMPILER V9.60.7.0, COMPILATION OF MODULE KEY
OBJECT MODULE PLACED IN .\Objects\Key.obj
COMPILER INVOKED BY: C:\Keil_v5\C51\BIN\C51.EXE drive\Key.c OPTIMIZE(8,SPEED) BROWSE INCDIR(.\common;.\drive;.\user) DEB
                    -UG OBJECTEXTEND PRINT(.\Listings\Key.lst) TABS(2) OBJECT(.\Objects\Key.obj)

line level    source

   1          #include <Key.h>
   2          uint8_t Key_Read() {
   3   1          uint8_t temp   = 0;
   4   1          P44 = 0;P42=1;P35=1;P34=1;
   5   1          if (P33 == 0)       temp = 1;//S4
   6   1          else if (P32 == 0)  temp = 2;//S5
   7   1          else if (P31 == 0)  temp = 3;//S6
   8   1          else if (P30 == 0)  temp = 4;//S7
   9   1            P44 = 1;P42=0;P35=1;P34=1;
  10   1          if (P33 == 0)       temp = 5;//S8
  11   1          else if (P32 == 0)  temp = 6;//S9
  12   1          else if (P31 == 0)  temp = 7;//S10
  13   1          else if (P30 == 0)  temp = 8;//S11
  14   1            P44 = 1;P42=1;P35=0;P34=1;
  15   1          if (P33 == 0)       temp = 9;//S12
  16   1          else if (P32 == 0)  temp = 10;//S13
  17   1          else if (P31 == 0)  temp = 11;//S6
  18   1          else if (P30 == 0)  temp = 12;//S7
  19   1           /*P44 = 1;P42=1;P35=1;P34=0;
  20   1          if (P33 == 0)       temp = 13;//S4
  21   1          else if (P32 == 0)  temp = 14;//S5
  22   1          else if (P31 == 0)  temp = 15;//S6
  23   1          else if (P30 == 0)  temp = 16;//S7*/
  24   1        
  25   1          return temp;
  26   1      }


MODULE INFORMATION:   STATIC OVERLAYABLE
   CODE SIZE        =    101    ----
   CONSTANT SIZE    =   ----    ----
   XDATA SIZE       =   ----    ----
   PDATA SIZE       =   ----    ----
   DATA SIZE        =   ----    ----
   IDATA SIZE       =   ----    ----
   BIT SIZE         =   ----    ----
END OF MODULE INFORMATION.


C51 COMPILATION COMPLETE.  0 WARNING(S),  0 ERROR(S)
