C51 COMPILER V9.60.7.0   DS1302                                                            04/08/2025 21:41:59 PAGE 1   


C51 COMPILER V9.60.7.0, COMPILATION OF MODULE DS1302
OBJECT MODULE PLACED IN .\Objects\ds1302.obj
COMPILER INVOKED BY: C:\Keil_v5\C51\BIN\C51.EXE drive\ds1302.c OPTIMIZE(8,SPEED) BROWSE INCDIR(.\drive;.\common;.\user) 
                    -DEBUG OBJECTEXTEND PRINT(.\Listings\ds1302.lst) TABS(2) OBJECT(.\Objects\ds1302.obj)

line level    source

   1          /*  #   DS1302代码片段说明
   2            1.  本文件夹中提供的驱动代码供参赛选手完成程序设计参考。
   3            2.  参赛选手可以自行编写相关代码或以该代码为基础，根据所选单片机类型、运行速度和试题
   4              中对单片机时钟频率的要求，进行代码调试和修改。
   5          */                
   6          
   7          #include <ds1302.h>
   8          void Write_Ds1302(unsigned  char temp) 
   9          {
  10   1        unsigned char i;
  11   1        for (i=0;i<8;i++)       
  12   1        { 
  13   2          SCK = 0;
  14   2          SDA = temp&0x01;
  15   2          temp>>=1; 
  16   2          SCK=1;
  17   2        }
  18   1      }   
  19          
  20          //
  21          void Write_Ds1302_Byte( unsigned char address,unsigned char dat )     
  22          {
  23   1        RST=0;  _nop_();
  24   1        SCK=0;  _nop_();
  25   1        RST=1;  _nop_();  
  26   1        Write_Ds1302(address);  
  27   1        Write_Ds1302(dat);    
  28   1        RST=0; 
  29   1      }
  30          
  31          //
  32          unsigned char Read_Ds1302_Byte ( unsigned char address )
  33          {
  34   1        unsigned char i,temp=0x00;
  35   1        RST=0;  _nop_();
  36   1        SCK=0;  _nop_();
  37   1        RST=1;  _nop_();
  38   1        Write_Ds1302(address);
  39   1        for (i=0;i<8;i++)   
  40   1        {   
  41   2          SCK=0;
  42   2          temp>>=1; 
  43   2          if(SDA)
  44   2          temp|=0x80; 
  45   2          SCK=1;
  46   2        } 
  47   1        RST=0;  _nop_();
  48   1        SCK=0;  _nop_();
  49   1        SCK=1;  _nop_();
  50   1        SDA=0;  _nop_();
  51   1        SDA=1;  _nop_();
  52   1        return (temp);      
  53   1      }
  54          //补充部分
C51 COMPILER V9.60.7.0   DS1302                                                            04/08/2025 21:41:59 PAGE 2   

  55          void Set_Rtc(unsigned char * ucRtc){
  56   1        unsigned char i = 0;
  57   1        Write_Ds1302_Byte(0x8e,0x00);
  58   1        for (i = 0; i<3;i++){
  59   2          unsigned char bcd = ((ucRtc[i]/10)<<4)| (ucRtc[i] %10);
  60   2          Write_Ds1302_Byte(0x84-2*i,bcd);
  61   2        }
  62   1      
  63   1          Write_Ds1302_Byte(0x8e,0x80);
  64   1      }
  65          void Read_Rtc(unsigned char * ucRtc){
  66   1        unsigned char i = 0;
  67   1        unsigned char raw;
  68   1        for(i = 0;i<3;i++){
  69   2        raw = Read_Ds1302_Byte(0x85-2*i);
  70   2        ucRtc[i] = (raw & 0x0F) +((raw >>4) *10);
  71   2        }
  72   1      }


MODULE INFORMATION:   STATIC OVERLAYABLE
   CODE SIZE        =    216    ----
   CONSTANT SIZE    =   ----    ----
   XDATA SIZE       =   ----    ----
   PDATA SIZE       =   ----    ----
   DATA SIZE        =   ----       7
   IDATA SIZE       =   ----    ----
   BIT SIZE         =   ----    ----
END OF MODULE INFORMATION.


C51 COMPILATION COMPLETE.  0 WARNING(S),  0 ERROR(S)
