C51 COMPILER V9.60.7.0   KEY                                                               04/08/2025 21:41:59 PAGE 1   


C51 COMPILER V9.60.7.0, COMPILATION OF MODULE KEY
OBJECT MODULE PLACED IN .\Objects\key.obj
COMPILER INVOKED BY: C:\Keil_v5\C51\BIN\C51.EXE drive\key.c OPTIMIZE(8,SPEED) BROWSE INCDIR(.\drive;.\common;.\user) DEB
                    -UG OBJECTEXTEND PRINT(.\Listings\key.lst) TABS(2) OBJECT(.\Objects\key.obj)

line level    source

   1          #include <key.h>
   2          unsigned char Key_Read(){
   3   1        unsigned char temp =0 ;
   4   1      /*P44 = 0; P42 = 1; P35 = 1; P34 = 1;
   5   1      if(P33 == 0) temp = 1;//S4
   6   1      else if(P32 == 0) temp = 2;
   7   1      else if(P31 == 0) temp = 3;
   8   1      else if(P30 == 0) temp = 4;
   9   1      
  10   1        
  11   1        P44 = 1; P42 = 0; P35 = 1; P34 = 1;
  12   1      if(P33 == 0) temp = 5;//S8
  13   1      else if(P32 == 0) temp = 6;
  14   1      else if(P31 == 0) temp = 7;
  15   1      else if(P30 == 0) temp = 8;*/
  16   1        
  17   1          P44 = 1; P42 = 1; P35 = 0; P34 = 1;
  18   1      if(P33 == 0) temp = 9;//S12
  19   1      else if(P32 == 0) temp = 10;
  20   1      else if(P31 == 0) temp = 11;
  21   1      else if(P30 == 0) temp = 12;
  22   1        
  23   1          
  24   1          P44 = 1; P42 = 1; P35 = 1; P34 = 0;
  25   1      if(P33 == 0) temp = 13;//S16
  26   1      else if(P32 == 0) temp = 14;
  27   1      else if(P31 == 0) temp = 15;
  28   1      else if(P30 == 0) temp = 16;
  29   1        
  30   1      return temp;
  31   1      }


MODULE INFORMATION:   STATIC OVERLAYABLE
   CODE SIZE        =     68    ----
   CONSTANT SIZE    =   ----    ----
   XDATA SIZE       =   ----    ----
   PDATA SIZE       =   ----    ----
   DATA SIZE        =   ----    ----
   IDATA SIZE       =   ----    ----
   BIT SIZE         =   ----    ----
END OF MODULE INFORMATION.


C51 COMPILATION COMPLETE.  0 WARNING(S),  0 ERROR(S)
