C51 COMPILER V9.60.7.0   LED                                                               04/09/2025 12:37:38 PAGE 1   


C51 COMPILER V9.60.7.0, COMPILATION OF MODULE LED
OBJECT MODULE PLACED IN .\Objects\led.obj
COMPILER INVOKED BY: C:\Keil_v5\C51\BIN\C51.EXE drive\led.c OPTIMIZE(8,SPEED) BROWSE INCDIR(.\drive;.\common;.\user) DEB
                    -UG OBJECTEXTEND PRINT(.\Listings\led.lst) TABS(2) OBJECT(.\Objects\led.obj)

line level    source

   1          #include <led.h>
   2          
   3          uint8_t temp = 0x00;
   4          uint8_t temp_old = 0xff;
   5          void Led_Disp(uint8_t addr,bit enable){
   6   1        if(enable){
   7   2        temp |= 0x01 <<addr;
   8   2        
   9   2        }
  10   1        else{
  11   2        temp &= ~(0x01 <<addr);
  12   2        
  13   2        }
  14   1        if(temp!= temp_old){
  15   2        P0 = ~temp;
  16   2        P2 = (P2&0x1f) |0x80;
  17   2        P2 &= 0x1f;
  18   2        temp_old = temp;
  19   2        
  20   2        }
  21   1      
  22   1      }
  23          void Relay(bit enable){
  24   1          if(enable){
  25   2        temp |= 0x10;
  26   2        
  27   2        }
  28   1        else{
  29   2        temp &= ~(0x10);
  30   2        
  31   2        }
  32   1        if(temp!= temp_old){
  33   2        P0 = temp;
  34   2        P2 = (P2&0x1f) |0xb0;
  35   2        P2 &= 0x1f;
  36   2        temp_old = temp;
  37   2        
  38   2        }
  39   1      
  40   1      
  41   1      
  42   1      }


MODULE INFORMATION:   STATIC OVERLAYABLE
   CODE SIZE        =     93    ----
   CONSTANT SIZE    =   ----    ----
   XDATA SIZE       =   ----    ----
   PDATA SIZE       =   ----    ----
   DATA SIZE        =      2    ----
   IDATA SIZE       =   ----    ----
   BIT SIZE         =   ----       2
END OF MODULE INFORMATION.


C51 COMPILATION COMPLETE.  0 WARNING(S),  0 ERROR(S)
