C51 COMPILER V9.60.7.0   ONEWIRE                                                           04/08/2025 21:41:59 PAGE 1   


C51 COMPILER V9.60.7.0, COMPILATION OF MODULE ONEWIRE
OBJECT MODULE PLACED IN .\Objects\onewire.obj
COMPILER INVOKED BY: C:\Keil_v5\C51\BIN\C51.EXE drive\onewire.c OPTIMIZE(8,SPEED) BROWSE INCDIR(.\drive;.\common;.\user)
                    - DEBUG OBJECTEXTEND PRINT(.\Listings\onewire.lst) TABS(2) OBJECT(.\Objects\onewire.obj)

line level    source

   1          #include "onewire.h"
   2          
   3          
   4          //????????????????
   5          void Delay_OneWire(unsigned int t)  
   6          {
   7   1        t *= 12;
   8   1        while(t--);
   9   1      }
  10          
  11          //??????§Õ????
  12          void Write_DS18B20(unsigned char dat)
  13          {
  14   1        unsigned char i;
  15   1        for(i=0;i<8;i++)
  16   1        {
  17   2          DQ = 0;
  18   2          DQ = dat&0x01;
  19   2          Delay_OneWire(5);
  20   2          DQ = 1;
  21   2          dat >>= 1;
  22   2        }
  23   1        Delay_OneWire(5);
  24   1      }
  25          
  26          //???????????
  27          unsigned char Read_DS18B20(void)
  28          {
  29   1        unsigned char i;
  30   1        unsigned char dat;
  31   1        
  32   1        for(i=0;i<8;i++)
  33   1        {
  34   2          DQ = 0;
  35   2          dat >>= 1;
  36   2          DQ = 1;
  37   2          if(DQ)
  38   2          {
  39   3            dat |= 0x80;
  40   3          }     
  41   2          Delay_OneWire(5);
  42   2        }
  43   1        return dat;
  44   1      }
  45          
  46          //DS18B20?????
  47          bit init_ds18b20(void)
  48          {
  49   1          bit initflag = 0;
  50   1          
  51   1          DQ = 1;
  52   1          Delay_OneWire(12);
  53   1          DQ = 0;
  54   1          Delay_OneWire(80);
C51 COMPILER V9.60.7.0   ONEWIRE                                                           04/08/2025 21:41:59 PAGE 2   

  55   1          DQ = 1;
  56   1          Delay_OneWire(10); 
  57   1          initflag = DQ;     
  58   1          Delay_OneWire(5);
  59   1        
  60   1          return initflag;
  61   1      }
  62          
  63          
  64          float rd_temperature()
  65          {
  66   1        unsigned char low,high;
  67   1        init_ds18b20();
  68   1        Write_DS18B20(0xcc);
  69   1        Write_DS18B20(0x44);
  70   1        init_ds18b20();
  71   1        Write_DS18B20(0xcc);
  72   1        Write_DS18B20(0xbe);  
  73   1        low = Read_DS18B20();
  74   1        high = Read_DS18B20();
  75   1        return ((high<<8) | low) / 16.0;
  76   1      }


MODULE INFORMATION:   STATIC OVERLAYABLE
   CODE SIZE        =    169    ----
   CONSTANT SIZE    =   ----    ----
   XDATA SIZE       =   ----    ----
   PDATA SIZE       =   ----    ----
   DATA SIZE        =   ----    ----
   IDATA SIZE       =   ----    ----
   BIT SIZE         =   ----       1
END OF MODULE INFORMATION.


C51 COMPILATION COMPLETE.  0 WARNING(S),  0 ERROR(S)
